<?xml version="1.0" encoding="UTF-8"?>
<!-- Generated by org.testng.reporters.JUnitXMLReporter -->
<testsuite ignored="0" hostname="USBLRPUJGUPTA7" failures="0" tests="4" name="PetStoreTests" time="10.237" errors="0" timestamp="2024-03-11T15:18:32 IST">
  <testcase classname="api.test.UserTests" name="testPostUser" time="3.354"/>
  <testcase classname="api.test.UserTests" name="testGetUserByName" time="1.393"/>
  <testcase classname="api.test.UserTests" name="testupdateUserByName" time="2.82"/>
  <testcase classname="api.test.UserTests" name="testdeleteUserByName" time="1.269"/>
</testsuite> <!-- PetStoreTests -->
