<?xml version="1.0" encoding="UTF-8"?>
<!-- Generated by org.testng.reporters.JUnitXMLReporter -->
<testsuite ignored="0" hostname="USBLRPUJGUPTA7" failures="0" tests="6" name="Default test" time="13.712" errors="0" timestamp="2024-03-13T16:08:12 IST">
  <testcase classname="api.test.DataDrivenTests" name="testPostUser" time="3.684"/>
  <testcase classname="api.test.DataDrivenTests" name="testPostUser" time="1.688"/>
  <testcase classname="api.test.DataDrivenTests" name="testPostUser" time="1.65"/>
  <testcase classname="api.test.DataDrivenTests" name="testDeleteByUserName" time="1.685"/>
  <testcase classname="api.test.DataDrivenTests" name="testDeleteByUserName" time="1.652"/>
  <testcase classname="api.test.DataDrivenTests" name="testDeleteByUserName" time="1.617"/>
</testsuite> <!-- Default test -->
