<?xml version="1.0" encoding="UTF-8"?>
<testsuite xmlns:xsi="http://www.w3.org/2001/XMLSchema-instance" xsi:noNamespaceSchemaLocation="https://maven.apache.org/surefire/maven-surefire-plugin/xsd/surefire-test-report-3.0.xsd" version="3.0" name="TestSuite" time="11.509" tests="4" errors="0" skipped="0" failures="0">
  <properties>
[...]
</properties>
  <testcase name="testPostUser" classname="api.test.UserTests" time="3.369">
    <system-out><![CDATA[HTTP/1.1 200 OK
Date: Mon, 11 Mar 2024 09:48:26 GMT
Content-Type: application/json
Transfer-Encoding: chunked
Connection: keep-alive
Access-Control-Allow-Origin: *
Access-Control-Allow-Methods: GET, POST, DELETE, PUT
Access-Control-Allow-Headers: Content-Type, api_key, Authorization
Server: Jetty(9.2.9.v20150224)

{
    "code": 200,
    "type": "unknown",
    "message": "1979787155"
}
]]></system-out>
    <system-err><![CDATA[SLF4J: Failed to load class "org.slf4j.impl.StaticLoggerBinder".
SLF4J: Defaulting to no-operation (NOP) logger implementation
SLF4J: See http://www.slf4j.org/codes.html#StaticLoggerBinder for further details.
]]></system-err>
  </testcase>
  <testcase name="testGetUserByName" classname="api.test.UserTests" time="1.396">
    <system-out><![CDATA[HTTP/1.1 200 OK
Date: Mon, 11 Mar 2024 09:48:27 GMT
Content-Type: application/json
Transfer-Encoding: chunked
Connection: keep-alive
Access-Control-Allow-Origin: *
Access-Control-Allow-Methods: GET, POST, DELETE, PUT
Access-Control-Allow-Headers: Content-Type, api_key, Authorization
Server: Jetty(9.2.9.v20150224)

{
    "id": 1979787155,
    "username": "delta.sawayn",
    "firstName": "Steffanie",
    "lastName": "Glover",
    "email": "valerie.collier@example.com",
    "password": "vqkr33",
    "phone": "(333) 298-4481",
    "userStatus": 0
}
]]></system-out>
  </testcase>
  <testcase name="testupdateUserByName" classname="api.test.UserTests" time="2.817">
    <system-out><![CDATA[{
    "code": 200,
    "type": "unknown",
    "message": "1979787155"
}
]]></system-out>
  </testcase>
  <testcase name="testdeleteUserByName" classname="api.test.UserTests" time="1.274">
    <system-out><![CDATA[HTTP/1.1 200 OK
Date: Mon, 11 Mar 2024 09:48:31 GMT
Content-Type: application/json
Transfer-Encoding: chunked
Connection: keep-alive
Access-Control-Allow-Origin: *
Access-Control-Allow-Methods: GET, POST, DELETE, PUT
Access-Control-Allow-Headers: Content-Type, api_key, Authorization
Server: Jetty(9.2.9.v20150224)

{
    "code": 200,
    "type": "unknown",
    "message": "delta.sawayn"
}
]]></system-out>
  </testcase>
</testsuite>