<?xml version="1.0" encoding="UTF-8"?>
<testng-results ignored="0" total="4" passed="4" failed="0" skipped="0">
  <reporter-output>
  </reporter-output>
  <suite started-at="2024-03-11T15:18:21 IST" name="PetStoreSuite" finished-at="2024-03-11T15:18:32 IST" duration-ms="10237">
    <groups>
    </groups>
    <test started-at="2024-03-11T15:18:21 IST" name="PetStoreTests" finished-at="2024-03-11T15:18:32 IST" duration-ms="10237">
      <class name="api.test.UserTests">
        <test-method is-config="true" signature="setup()[pri:0, instance:api.test.UserTests@3e11f9e9]" started-at="2024-03-11T15:18:22 IST" name="setup" finished-at="2024-03-11T15:18:23 IST" duration-ms="1041" status="PASS">
          <reporter-output>
          </reporter-output>
        </test-method> <!-- setup -->
        <test-method signature="testPostUser()[pri:1, instance:api.test.UserTests@3e11f9e9]" started-at="2024-03-11T15:18:23 IST" name="testPostUser" finished-at="2024-03-11T15:18:26 IST" duration-ms="3354" status="PASS">
          <reporter-output>
          </reporter-output>
        </test-method> <!-- testPostUser -->
        <test-method signature="testGetUserByName()[pri:2, instance:api.test.UserTests@3e11f9e9]" started-at="2024-03-11T15:18:26 IST" name="testGetUserByName" finished-at="2024-03-11T15:18:28 IST" duration-ms="1393" status="PASS">
          <reporter-output>
          </reporter-output>
        </test-method> <!-- testGetUserByName -->
        <test-method signature="testupdateUserByName()[pri:3, instance:api.test.UserTests@3e11f9e9]" started-at="2024-03-11T15:18:28 IST" name="testupdateUserByName" finished-at="2024-03-11T15:18:30 IST" duration-ms="2820" status="PASS">
          <reporter-output>
          </reporter-output>
        </test-method> <!-- testupdateUserByName -->
        <test-method signature="testdeleteUserByName()[pri:4, instance:api.test.UserTests@3e11f9e9]" started-at="2024-03-11T15:18:30 IST" name="testdeleteUserByName" finished-at="2024-03-11T15:18:32 IST" duration-ms="1269" status="PASS">
          <reporter-output>
          </reporter-output>
        </test-method> <!-- testdeleteUserByName -->
      </class> <!-- api.test.UserTests -->
    </test> <!-- PetStoreTests -->
  </suite> <!-- PetStoreSuite -->
</testng-results>
