<?xml version="1.0" encoding="UTF-8"?>
<testng-results ignored="0" total="6" passed="6" failed="0" skipped="0">
  <reporter-output>
  </reporter-output>
  <suite started-at="2024-03-13T16:07:58 IST" name="Default suite" finished-at="2024-03-13T16:08:12 IST" duration-ms="13712">
    <groups>
    </groups>
    <test started-at="2024-03-13T16:07:58 IST" name="Default test" finished-at="2024-03-13T16:08:12 IST" duration-ms="13712">
      <class name="api.test.DataDrivenTests">
        <test-method signature="testPostUser(java.lang.String,java.lang.String,java.lang.String,java.lang.String,java.lang.String,java.lang.String,java.lang.String)[pri:1, instance:api.test.DataDrivenTests@659499f1]" started-at="2024-03-13T16:07:59 IST" name="testPostUser" data-provider="Data" finished-at="2024-03-13T16:08:03 IST" duration-ms="3684" status="PASS">
          <params>
            <param index="0">
              <value>
                <![CDATA[1010]]>
              </value>
            </param>
            <param index="1">
              <value>
                <![CDATA[testuser1]]>
              </value>
            </param>
            <param index="2">
              <value>
                <![CDATA[Rohan]]>
              </value>
            </param>
            <param index="3">
              <value>
                <![CDATA[Sharma]]>
              </value>
            </param>
            <param index="4">
              <value>
                <![CDATA[a@gmail.com]]>
              </value>
            </param>
            <param index="5">
              <value>
                <![CDATA[test@1]]>
              </value>
            </param>
            <param index="6">
              <value>
                <![CDATA[1234567893]]>
              </value>
            </param>
          </params>
          <reporter-output>
          </reporter-output>
        </test-method> <!-- testPostUser -->
        <test-method signature="testPostUser(java.lang.String,java.lang.String,java.lang.String,java.lang.String,java.lang.String,java.lang.String,java.lang.String)[pri:1, instance:api.test.DataDrivenTests@659499f1]" started-at="2024-03-13T16:08:03 IST" name="testPostUser" data-provider="Data" finished-at="2024-03-13T16:08:05 IST" duration-ms="1688" status="PASS">
          <params>
            <param index="0">
              <value>
                <![CDATA[1020]]>
              </value>
            </param>
            <param index="1">
              <value>
                <![CDATA[testuser2]]>
              </value>
            </param>
            <param index="2">
              <value>
                <![CDATA[Mohan]]>
              </value>
            </param>
            <param index="3">
              <value>
                <![CDATA[Sharma]]>
              </value>
            </param>
            <param index="4">
              <value>
                <![CDATA[b@gmail.com]]>
              </value>
            </param>
            <param index="5">
              <value>
                <![CDATA[test@2]]>
              </value>
            </param>
            <param index="6">
              <value>
                <![CDATA[1234567893]]>
              </value>
            </param>
          </params>
          <reporter-output>
          </reporter-output>
        </test-method> <!-- testPostUser -->
        <test-method signature="testPostUser(java.lang.String,java.lang.String,java.lang.String,java.lang.String,java.lang.String,java.lang.String,java.lang.String)[pri:1, instance:api.test.DataDrivenTests@659499f1]" started-at="2024-03-13T16:08:05 IST" name="testPostUser" data-provider="Data" finished-at="2024-03-13T16:08:07 IST" duration-ms="1650" status="PASS">
          <params>
            <param index="0">
              <value>
                <![CDATA[1030]]>
              </value>
            </param>
            <param index="1">
              <value>
                <![CDATA[testuser3]]>
              </value>
            </param>
            <param index="2">
              <value>
                <![CDATA[Sohan]]>
              </value>
            </param>
            <param index="3">
              <value>
                <![CDATA[Sharma]]>
              </value>
            </param>
            <param index="4">
              <value>
                <![CDATA[c@gmail.com]]>
              </value>
            </param>
            <param index="5">
              <value>
                <![CDATA[test@3]]>
              </value>
            </param>
            <param index="6">
              <value>
                <![CDATA[1234567893]]>
              </value>
            </param>
          </params>
          <reporter-output>
          </reporter-output>
        </test-method> <!-- testPostUser -->
        <test-method signature="testDeleteByUserName(java.lang.String)[pri:2, instance:api.test.DataDrivenTests@659499f1]" started-at="2024-03-13T16:08:07 IST" name="testDeleteByUserName" data-provider="UserNames" finished-at="2024-03-13T16:08:08 IST" duration-ms="1685" status="PASS">
          <params>
            <param index="0">
              <value>
                <![CDATA[testuser1]]>
              </value>
            </param>
          </params>
          <reporter-output>
          </reporter-output>
        </test-method> <!-- testDeleteByUserName -->
        <test-method signature="testDeleteByUserName(java.lang.String)[pri:2, instance:api.test.DataDrivenTests@659499f1]" started-at="2024-03-13T16:08:08 IST" name="testDeleteByUserName" data-provider="UserNames" finished-at="2024-03-13T16:08:10 IST" duration-ms="1652" status="PASS">
          <params>
            <param index="0">
              <value>
                <![CDATA[testuser2]]>
              </value>
            </param>
          </params>
          <reporter-output>
          </reporter-output>
        </test-method> <!-- testDeleteByUserName -->
        <test-method signature="testDeleteByUserName(java.lang.String)[pri:2, instance:api.test.DataDrivenTests@659499f1]" started-at="2024-03-13T16:08:10 IST" name="testDeleteByUserName" data-provider="UserNames" finished-at="2024-03-13T16:08:12 IST" duration-ms="1617" status="PASS">
          <params>
            <param index="0">
              <value>
                <![CDATA[testuser3]]>
              </value>
            </param>
          </params>
          <reporter-output>
          </reporter-output>
        </test-method> <!-- testDeleteByUserName -->
      </class> <!-- api.test.DataDrivenTests -->
    </test> <!-- Default test -->
  </suite> <!-- Default suite -->
</testng-results>
