<?xml version="1.0" encoding="UTF-8"?>
<!-- Generated by org.testng.reporters.JUnitXMLReporter -->
<testsuite ignored="0" hostname="USBLRPUJGUPTA7" failures="0" tests="8" name="PetStoreTests" time="21.0" errors="0" timestamp="2024-03-15T12:15:14 IST">
  <testcase classname="api.test.UserTests" name="testPostUser" time="3.711"/>
  <testcase classname="api.test.UserTests" name="testGetUserByName" time="1.76"/>
  <testcase classname="api.test.UserTests" name="testupdateUserByName" time="3.703"/>
  <testcase classname="api.test.UserTests" name="testdeleteUserByName" time="1.761"/>
  <testcase classname="api.test.UserTests2" name="testPostUser" time="1.785"/>
  <testcase classname="api.test.UserTests2" name="testGETUserByName" time="1.813"/>
  <testcase classname="api.test.UserTests2" name="testUpdateUserByName" time="3.576"/>
  <testcase classname="api.test.UserTests2" name="testdeleteUserByName" time="1.69"/>
</testsuite> <!-- PetStoreTests -->
